[debug] [2024-03-16T07:43:19.808Z] ----------------------------------------------------------------------
[debug] [2024-03-16T07:43:19.810Z] Command:       /opt/homebrew/Cellar/node/20.5.1/bin/node /opt/homebrew/bin/firebase init
[debug] [2024-03-16T07:43:19.810Z] CLI Version:   13.5.1
[debug] [2024-03-16T07:43:19.810Z] Platform:      darwin
[debug] [2024-03-16T07:43:19.810Z] Node Version:  v20.5.1
[debug] [2024-03-16T07:43:19.810Z] Time:          Sat Mar 16 2024 13:13:19 GMT+0530 (India Standard Time)
[debug] [2024-03-16T07:43:19.810Z] ----------------------------------------------------------------------
[debug] 
[debug] [2024-03-16T07:43:19.813Z] > command requires scopes: ["email","openid","https://www.googleapis.com/auth/cloudplatformprojects.readonly","https://www.googleapis.com/auth/firebase","https://www.googleapis.com/auth/cloud-platform"]
[debug] [2024-03-16T07:43:19.813Z] > authorizing via signed-in user (saikiranvarmapingili@gmail.com)
[info] 
     ######## #### ########  ######## ########     ###     ######  ########
     ##        ##  ##     ## ##       ##     ##  ##   ##  ##       ##
     ######    ##  ########  ######   ########  #########  ######  ######
     ##        ##  ##    ##  ##       ##     ## ##     ##       ## ##
     ##       #### ##     ## ######## ########  ##     ##  ######  ########

You're about to initialize a Firebase project in this directory:

  /Users/munna/Desktop/ReactProjects/MYApp/Lets_learn

[info] 
=== Project Setup
[info] 
[info] First, let's associate this project directory with a Firebase project.
[info] You can create multiple project aliases by running firebase use --add, 
[info] but for now we'll just set up a default project.
[info] 
[debug] [2024-03-16T07:43:26.911Z] >>> [apiv2][query] GET https://firebase.googleapis.com/v1beta1/projects pageSize=100
[debug] [2024-03-16T07:43:28.015Z] <<< [apiv2][status] GET https://firebase.googleapis.com/v1beta1/projects 200
[debug] [2024-03-16T07:43:28.015Z] <<< [apiv2][body] GET https://firebase.googleapis.com/v1beta1/projects [omitted]
[info] i  Using project letslearn-saiki (LetsLearn) 
[info] 
=== Hosting Setup
[debug] [2024-03-16T07:43:29.931Z] >>> [apiv2][query] GET https://firebase.googleapis.com/v1beta1/projects/letslearn-saiki [none]
[debug] [2024-03-16T07:43:30.327Z] <<< [apiv2][status] GET https://firebase.googleapis.com/v1beta1/projects/letslearn-saiki 200
[debug] [2024-03-16T07:43:30.327Z] <<< [apiv2][body] GET https://firebase.googleapis.com/v1beta1/projects/letslearn-saiki {"projectId":"letslearn-saiki","projectNumber":"401113727106","displayName":"LetsLearn","name":"projects/letslearn-saiki","resources":{"hostingSite":"letslearn-saiki"},"state":"ACTIVE","etag":"1_6c2ec729-6bbb-4474-b273-e78abcca2c59"}
[info] 
[info] Your public directory is the folder (relative to your project directory) that
[info] will contain Hosting assets to be uploaded with firebase deploy. If you
[info] have a build process for your assets, use your build's output directory.
[info] 
